[167月2025 23:05:35.676] [main/INFO] [cpw.mods.modlauncher.Launcher/MODLAUNCHER]: ModLauncher running: args [--mod, examplemod, --all, --output, C:\\Users\\himaw\\Downloads\\NewMineOrder-1.21.1Neo\\MDK-1.21.1-NeoGradle-main\\src\\generated\\resources, --existing, C:\\Users\\himaw\\Downloads\\NewMineOrder-1.21.1Neo\\MDK-1.21.1-NeoGradle-main\\src\\main\\resources, --launchTarget, forgedatadev, --assetIndex, asset-index, --assetsDir, C:\\Users\\himaw\\.gradle\\caches\\minecraft\\assets, --gameDir, ., --fml.fmlVersion, 4.0.41, --fml.mcVersion, 1.21.1, --fml.neoForgeVersion, 21.1.185, --fml.neoFormVersion, 20240808.144430]
[167月2025 23:05:35.684] [main/INFO] [cpw.mods.modlauncher.Launcher/MODLAUNCHER]: JVM identified as Oracle Corporation Java HotSpot(TM) 64-Bit Server VM 21.0.6+8-LTS-188
[167月2025 23:05:35.690] [main/INFO] [cpw.mods.modlauncher.Launcher/MODLAUNCHER]: ModLauncher 11.0.5+main.901c6ea8 starting: java version 21.0.6 by Oracle Corporation; OS Windows 11 arch amd64 version 10.0
[167月2025 23:05:35.860] [main/INFO] [net.neoforged.fml.loading.ImmediateWindowHandler/]: ImmediateWindowProvider not loading because launch target is forgedatadev
[167月2025 23:05:35.959] [main/INFO] [mixin/]: SpongePowered MIXIN Subsystem Version=0.8.7 Source=union:/C:/Users/himaw/.gradle/caches/modules-2/files-2.1/net.fabricmc/sponge-mixin/0.15.2+mixin.0.8.7/2af2f021d8e02a0220dc27a7a72b4666d66d44ca/sponge-mixin-0.15.2+mixin.0.8.7.jar%23142!/ Service=ModLauncher Env=CLIENT
[167月2025 23:05:36.110] [main/INFO] [net.neoforged.fml.loading.moddiscovery.ModDiscoverer/SCAN]: Found mod file "neoforge-21.1.185.jar" [locator: neoforge devenv provider ([C:\Users\himaw\Downloads\NewMineOrder-1.21.1Neo\MDK-1.21.1-NeoGradle-main\.gradle\repositories\ng_dummy_ng\net\neoforged\neoforge\21.1.185\neoforge-21.1.185.jar])]
[167月2025 23:05:36.140] [main/INFO] [net.neoforged.fml.loading.moddiscovery.ModDiscoverer/SCAN]: Found mod file "neoforge-21.1.185.jar" [locator: neoforge devenv provider ([C:\Users\himaw\Downloads\NewMineOrder-1.21.1Neo\MDK-1.21.1-NeoGradle-main\.gradle\repositories\ng_dummy_ng\net\neoforged\neoforge\21.1.185\neoforge-21.1.185.jar])]
[167月2025 23:05:36.160] [main/INFO] [net.neoforged.fml.loading.moddiscovery.ModDiscoverer/SCAN]: Found mod file "main" [locator: userdev mods and services, reader: mod manifest]
[167月2025 23:05:36.177] [main/INFO] [net.neoforged.fml.loading.moddiscovery.ModDiscoverer/SCAN]: Found mod file "neoforge-21.1.185.jar" [locator: userdev mods and services, reader: mod manifest]
[167月2025 23:05:36.327] [main/INFO] [net.neoforged.fml.loading.moddiscovery.ModDiscoverer/SCAN]: Found gamelibrary file "mixinextras-neoforge-0.4.1.jar" [locator: userdev mods and services, reader: mod manifest]
[167月2025 23:05:36.516] [main/WARN] [net.neoforged.jarjar.selection.JarSelector/]: Attempted to select a dependency jar for JarJar which was passed in as source: library:mixinextras.neoforge. Using Mod File: C:\Users\himaw\.gradle\caches\modules-2\files-2.1\io.github.llamalad7\mixinextras-neoforge\0.4.1\eff97772ecd0dcf8e52cdbafd3b3ccec425f8314\mixinextras-neoforge-0.4.1.jar
[167月2025 23:05:36.516] [main/INFO] [net.neoforged.fml.loading.moddiscovery.locators.JarInJarDependencyLocator/]: Found 1 dependencies adding them to mods collection
[167月2025 23:05:36.518] [main/INFO] [net.neoforged.fml.loading.moddiscovery.ModDiscoverer/SCAN]: Found library file "net.neoforged.neoforge-coremods-21.1.185.jar" [parent: neoforge-21.1.185.jar, locator: jarinjar, reader: mod manifest]
[167月2025 23:05:36.520] [main/INFO] [net.neoforged.fml.loading.moddiscovery.ModDiscoverer/]: 
     Mod List:
		Name Version (Mod Id)

		Minecraft 1.21.1 (minecraft)
		NeoForge 21.1.185 (neoforge)
		new mine order 1.0 (nmo)
[167月2025 23:05:37.205] [main/INFO] [cpw.mods.modlauncher.LaunchServiceHandler/MODLAUNCHER]: Launching target 'forgedatadev' with arguments [--gameDir, ., --assetsDir, C:\Users\himaw\.gradle\caches\minecraft\assets, --mod, examplemod, --all, --output, C:\\Users\\himaw\\Downloads\\NewMineOrder-1.21.1Neo\\MDK-1.21.1-NeoGradle-main\\src\\generated\\resources, --existing, C:\\Users\\himaw\\Downloads\\NewMineOrder-1.21.1Neo\\MDK-1.21.1-NeoGradle-main\\src\\main\\resources, --assetIndex, asset-index]
[167月2025 23:05:38.241] [main/INFO] [net.neoforged.neoforge.data.loading.DatagenModLoader/]: Initializing Data Gatherer for mods [examplemod]
[167月2025 23:05:38.258] [main/INFO] [MixinExtras|Service/]: Initializing MixinExtras via com.llamalad7.mixinextras.service.MixinExtrasServiceImpl(version=0.4.1).
[167月2025 23:05:47.658] [modloading-worker-0/INFO] [net.neoforged.neoforge.common.NeoForgeMod/NEOFORGE-MOD]: NeoForge mod loading, version 21.1.185, for MC 1.21.1
[167月2025 23:05:48.770] [main/WARN] [net.minecraft.server.packs.VanillaPackResourcesBuilder/]: Assets URL 'union:/C:/Users/himaw/Downloads/NewMineOrder-1.21.1Neo/MDK-1.21.1-NeoGradle-main/.gradle/repositories/ng_dummy_ng/net/neoforged/neoforge/21.1.185/neoforge-21.1.185.jar%23195!/assets/.mcassetsroot' uses unexpected schema
[167月2025 23:05:48.771] [main/WARN] [net.minecraft.server.packs.VanillaPackResourcesBuilder/]: Assets URL 'union:/C:/Users/himaw/Downloads/NewMineOrder-1.21.1Neo/MDK-1.21.1-NeoGradle-main/.gradle/repositories/ng_dummy_ng/net/neoforged/neoforge/21.1.185/neoforge-21.1.185.jar%23195!/data/.mcassetsroot' uses unexpected schema
